[0m14:01:09.453328 [debug] [MainThread]: Sending event: {'category': 'dbt', 'action': 'invocation', 'label': 'start', 'context': [<snowplow_tracker.self_describing_json.SelfDescribingJson object at 0x000002858C7BBAC0>, <snowplow_tracker.self_describing_json.SelfDescribingJson object at 0x000002858EA62340>, <snowplow_tracker.self_describing_json.SelfDescribingJson object at 0x000002858EA62130>]}


============================== 14:01:09.453328 | 03f463a5-2dc6-44ad-9c4a-bd38a6ffb078 ==============================
[0m14:01:09.453328 [info ] [MainThread]: Running with dbt=1.10.11
[0m14:01:09.453328 [debug] [MainThread]: running dbt with arguments {'quiet': 'False', 'no_print': 'None', 'partial_parse': 'True', 'empty': 'None', 'log_path': 'logs', 'invocation_command': 'dbt init', 'write_json': 'True', 'log_format': 'default', 'indirect_selection': 'eager', 'cache_selected_only': 'False', 'target_path': 'None', 'profiles_dir': 'C:\\Users\\sawyn\\.dbt', 'printer_width': '80', 'use_colors': 'True', 'introspect': 'True', 'fail_fast': 'False', 'send_anonymous_usage_stats': 'True', 'log_cache_events': 'False', 'use_experimental_parser': 'False', 'static_parser': 'True', 'debug': 'False', 'version_check': 'True', 'warn_error': 'None', 'warn_error_options': 'WarnErrorOptionsV2(error=[], warn=[], silence=[])'}
[0m14:01:15.360001 [debug] [MainThread]: Starter project path: C:\PythonProject\CdcDataPipeline\.venv\lib\site-packages\dbt\include\starter_project
[0m14:01:15.390184 [info ] [MainThread]: 
Your new dbt project "cdc_dbt" was created!

For more information on how to configure the profiles.yml file,
please consult the dbt documentation here:

  https://docs.getdbt.com/docs/configure-your-profile

One more thing:

Need help? Don't hesitate to reach out to us via GitHub issues or on Slack:

  https://community.getdbt.com/

Happy modeling!

[0m14:01:15.390184 [info ] [MainThread]: Setting up your profile.
[0m14:01:52.644111 [info ] [MainThread]: Profile cdc_dbt written to C:\Users\sawyn\.dbt\profiles.yml using target's profile_template.yml and your supplied values. Run 'dbt debug' to validate the connection.
[0m14:01:52.651329 [debug] [MainThread]: Command `dbt init` succeeded at 14:01:52.651329 after 43.29 seconds
[0m14:01:52.653339 [debug] [MainThread]: Sending event: {'category': 'dbt', 'action': 'invocation', 'label': 'end', 'context': [<snowplow_tracker.self_describing_json.SelfDescribingJson object at 0x000002858C7BBAC0>, <snowplow_tracker.self_describing_json.SelfDescribingJson object at 0x000002858EA62040>, <snowplow_tracker.self_describing_json.SelfDescribingJson object at 0x000002858EB9BBB0>]}
[0m14:01:52.653339 [debug] [MainThread]: Flushing usage events
[0m14:01:53.127224 [debug] [MainThread]: An error was encountered while trying to flush usage events
